2015-06-08 13:48:46,931 [main] WARN  o.e.r.c.r.p.ProcessableProposalFactory - Unknown JDT proposal type 'class org.eclipse.jdt.internal.ui.text.java.LazyJavaCompletionProposal' ('@exception'). Returning original proposal instead.
2015-06-08 13:48:46,958 [main] WARN  o.e.r.c.r.p.ProcessableProposalFactory - Unknown JDT proposal type 'class org.eclipse.jdt.internal.ui.text.java.LazyJavaCompletionProposal' ('@return'). Returning original proposal instead.
2015-06-08 13:48:46,959 [main] WARN  o.e.r.c.r.p.ProcessableProposalFactory - Unknown JDT proposal type 'class org.eclipse.jdt.internal.ui.text.java.LazyJavaCompletionProposal' ('@see'). Returning original proposal instead.
2015-06-08 13:48:46,959 [main] WARN  o.e.r.c.r.p.ProcessableProposalFactory - Unknown JDT proposal type 'class org.eclipse.jdt.internal.ui.text.java.LazyJavaCompletionProposal' ('@category'). Returning original proposal instead.
2015-06-08 13:48:46,960 [main] WARN  o.e.r.c.r.p.ProcessableProposalFactory - Unknown JDT proposal type 'class org.eclipse.jdt.internal.ui.text.javadoc.JavadocInlineTagCompletionProposal' ('{@code}'). Returning original proposal instead.
2015-06-08 13:48:46,960 [main] WARN  o.e.r.c.r.p.ProcessableProposalFactory - Unknown JDT proposal type 'class org.eclipse.jdt.internal.ui.text.javadoc.JavadocInlineTagCompletionProposal' ('{@link}'). Returning original proposal instead.
2015-06-08 13:48:46,960 [main] WARN  o.e.r.c.r.p.ProcessableProposalFactory - Unknown JDT proposal type 'class org.eclipse.jdt.internal.ui.text.javadoc.JavadocInlineTagCompletionProposal' ('{@linkplain}'). Returning original proposal instead.
2015-06-08 13:48:46,960 [main] WARN  o.e.r.c.r.p.ProcessableProposalFactory - Unknown JDT proposal type 'class org.eclipse.jdt.internal.ui.text.javadoc.JavadocInlineTagCompletionProposal' ('{@inheritDoc}'). Returning original proposal instead.
2015-06-08 13:48:46,961 [main] WARN  o.e.r.c.r.p.ProcessableProposalFactory - Unknown JDT proposal type 'class org.eclipse.jdt.internal.ui.text.java.LazyJavaCompletionProposal' ('@since'). Returning original proposal instead.
2015-06-08 13:48:46,961 [main] WARN  o.e.r.c.r.p.ProcessableProposalFactory - Unknown JDT proposal type 'class org.eclipse.jdt.internal.ui.text.javadoc.JavadocInlineTagCompletionProposal' ('{@docRoot}'). Returning original proposal instead.
2015-06-08 13:48:46,961 [main] WARN  o.e.r.c.r.p.ProcessableProposalFactory - Unknown JDT proposal type 'class org.eclipse.jdt.internal.ui.text.java.LazyJavaCompletionProposal' ('@deprecated'). Returning original proposal instead.
2015-06-08 13:48:46,962 [main] WARN  o.e.r.c.r.p.ProcessableProposalFactory - Unknown JDT proposal type 'class org.eclipse.jdt.internal.ui.text.java.LazyJavaCompletionProposal' ('@serialData'). Returning original proposal instead.
2015-06-08 13:48:46,962 [main] WARN  o.e.r.c.r.p.ProcessableProposalFactory - Unknown JDT proposal type 'class org.eclipse.jdt.internal.ui.text.java.LazyJavaCompletionProposal' ('@param'). Returning original proposal instead.
2015-06-08 13:48:46,962 [main] WARN  o.e.r.c.r.p.ProcessableProposalFactory - Unknown JDT proposal type 'class org.eclipse.jdt.internal.ui.text.java.LazyJavaCompletionProposal' ('@throws'). Returning original proposal instead.
2015-06-08 13:48:46,963 [main] WARN  o.e.r.c.r.p.ProcessableProposalFactory - Unknown JDT proposal type 'class org.eclipse.jdt.internal.ui.text.javadoc.JavadocInlineTagCompletionProposal' ('{@literal}'). Returning original proposal instead.
2015-06-08 13:48:46,963 [main] WARN  o.e.r.c.r.p.ProcessableProposalFactory - Unknown JDT proposal type 'class org.eclipse.jdt.internal.ui.text.javadoc.JavadocInlineTagCompletionProposal' ('{@value}'). Returning original proposal instead.
2015-06-08 14:09:42,718 [main] WARN  o.e.r.c.r.p.ProcessableProposalFactory - Unknown JDT proposal type 'class org.eclipse.jdt.internal.ui.text.javadoc.JavadocLinkTypeCompletionProposal' ('{@link ExceptionDetailMessage} - org.omg.IOP'). Returning original proposal instead.
2015-06-08 14:09:42,720 [main] WARN  o.e.r.c.r.p.ProcessableProposalFactory - Unknown JDT proposal type 'class org.eclipse.jdt.internal.ui.text.javadoc.JavadocLinkTypeCompletionProposal' ('{@link ExceptionInInitializerError} - java.lang'). Returning original proposal instead.
2015-06-08 14:09:42,720 [main] WARN  o.e.r.c.r.p.ProcessableProposalFactory - Unknown JDT proposal type 'class org.eclipse.jdt.internal.ui.text.javadoc.JavadocLinkTypeCompletionProposal' ('{@link ExecutableElement} - javax.lang.model.element'). Returning original proposal instead.
2015-06-08 14:09:42,721 [main] WARN  o.e.r.c.r.p.ProcessableProposalFactory - Unknown JDT proposal type 'class org.eclipse.jdt.internal.ui.text.javadoc.JavadocLinkTypeCompletionProposal' ('{@link Extension} - java.security.cert'). Returning original proposal instead.
2015-06-08 14:09:42,721 [main] WARN  o.e.r.c.r.p.ProcessableProposalFactory - Unknown JDT proposal type 'class org.eclipse.jdt.internal.ui.text.javadoc.JavadocLinkTypeCompletionProposal' ('{@link ExemptionMechanismSpi} - javax.crypto'). Returning original proposal instead.
2015-06-08 14:09:42,725 [main] WARN  o.e.r.c.r.p.ProcessableProposalFactory - Unknown JDT proposal type 'class org.eclipse.jdt.internal.ui.text.javadoc.JavadocLinkTypeCompletionProposal' ('{@link ExecutorCompletionService} - java.util.concurrent'). Returning original proposal instead.
2015-06-08 14:09:42,726 [main] WARN  o.e.r.c.r.p.ProcessableProposalFactory - Unknown JDT proposal type 'class org.eclipse.jdt.internal.ui.text.javadoc.JavadocLinkTypeCompletionProposal' ('{@link ExtendedResponse} - javax.naming.ldap'). Returning original proposal instead.
2015-06-08 14:09:42,731 [main] WARN  o.e.r.c.r.p.ProcessableProposalFactory - Unknown JDT proposal type 'class org.eclipse.jdt.internal.ui.text.javadoc.JavadocLinkTypeCompletionProposal' ('{@link ExceptionList} - org.omg.CORBA'). Returning original proposal instead.
2015-06-08 14:09:42,731 [main] WARN  o.e.r.c.r.p.ProcessableProposalFactory - Unknown JDT proposal type 'class org.eclipse.jdt.internal.ui.text.javadoc.JavadocLinkTypeCompletionProposal' ('{@link ExecutorService} - java.util.concurrent'). Returning original proposal instead.
2015-06-08 14:09:42,731 [main] WARN  o.e.r.c.r.p.ProcessableProposalFactory - Unknown JDT proposal type 'class org.eclipse.jdt.internal.ui.text.javadoc.JavadocLinkTypeCompletionProposal' ('{@link ExpandVetoException} - javax.swing.tree'). Returning original proposal instead.
2015-06-08 14:09:42,732 [main] WARN  o.e.r.c.r.p.ProcessableProposalFactory - Unknown JDT proposal type 'class org.eclipse.jdt.internal.ui.text.javadoc.JavadocLinkTypeCompletionProposal' ('{@link ExemptionMechanismException} - javax.crypto'). Returning original proposal instead.
2015-06-08 14:09:42,732 [main] WARN  o.e.r.c.r.p.ProcessableProposalFactory - Unknown JDT proposal type 'class org.eclipse.jdt.internal.ui.text.javadoc.JavadocLinkTypeCompletionProposal' ('{@link ExtendedRequest} - javax.naming.ldap'). Returning original proposal instead.
2015-06-08 14:09:42,732 [main] WARN  o.e.r.c.r.p.ProcessableProposalFactory - Unknown JDT proposal type 'class org.eclipse.jdt.internal.ui.text.javadoc.JavadocLinkTypeCompletionProposal' ('{@link ExceptionListener} - java.beans'). Returning original proposal instead.
2015-06-08 14:09:42,732 [main] WARN  o.e.r.c.r.p.ProcessableProposalFactory - Unknown JDT proposal type 'class org.eclipse.jdt.internal.ui.text.javadoc.JavadocLinkTypeCompletionProposal' ('{@link Exception} - java.lang'). Returning original proposal instead.
2015-06-08 14:09:42,733 [main] WARN  o.e.r.c.r.p.ProcessableProposalFactory - Unknown JDT proposal type 'class org.eclipse.jdt.internal.ui.text.javadoc.JavadocLinkTypeCompletionProposal' ('{@link Externalizable} - java.io'). Returning original proposal instead.
2015-06-08 14:09:42,733 [main] WARN  o.e.r.c.r.p.ProcessableProposalFactory - Unknown JDT proposal type 'class org.eclipse.jdt.internal.ui.text.javadoc.JavadocLinkTypeCompletionProposal' ('{@link Expression} - java.beans'). Returning original proposal instead.
2015-06-08 14:09:42,733 [main] WARN  o.e.r.c.r.p.ProcessableProposalFactory - Unknown JDT proposal type 'class org.eclipse.jdt.internal.ui.text.javadoc.JavadocLinkTypeCompletionProposal' ('{@link ExtendedSSLSession} - javax.net.ssl'). Returning original proposal instead.
2015-06-08 14:09:42,733 [main] WARN  o.e.r.c.r.p.ProcessableProposalFactory - Unknown JDT proposal type 'class org.eclipse.jdt.internal.ui.text.javadoc.JavadocLinkTypeCompletionProposal' ('{@link Exchanger} - java.util.concurrent'). Returning original proposal instead.
2015-06-08 14:09:42,734 [main] WARN  o.e.r.c.r.p.ProcessableProposalFactory - Unknown JDT proposal type 'class org.eclipse.jdt.internal.ui.text.javadoc.JavadocLinkTypeCompletionProposal' ('{@link ExecutableType} - javax.lang.model.type'). Returning original proposal instead.
2015-06-08 14:09:42,734 [main] WARN  o.e.r.c.r.p.ProcessableProposalFactory - Unknown JDT proposal type 'class org.eclipse.jdt.internal.ui.text.javadoc.JavadocLinkTypeCompletionProposal' ('{@link Executable} - java.lang.reflect'). Returning original proposal instead.
2015-06-08 14:09:42,735 [main] WARN  o.e.r.c.r.p.ProcessableProposalFactory - Unknown JDT proposal type 'class org.eclipse.jdt.internal.ui.text.javadoc.JavadocLinkTypeCompletionProposal' ('{@link ExcC14NParameterSpec} - javax.xml.crypto.dsig.spec'). Returning original proposal instead.
2015-06-08 14:09:42,735 [main] WARN  o.e.r.c.r.p.ProcessableProposalFactory - Unknown JDT proposal type 'class org.eclipse.jdt.internal.ui.text.javadoc.JavadocLinkTypeCompletionProposal' ('{@link Executors} - java.util.concurrent'). Returning original proposal instead.
2015-06-08 14:09:42,735 [main] WARN  o.e.r.c.r.p.ProcessableProposalFactory - Unknown JDT proposal type 'class org.eclipse.jdt.internal.ui.text.javadoc.JavadocLinkTypeCompletionProposal' ('{@link ExportException} - java.rmi.server'). Returning original proposal instead.
2015-06-08 14:09:42,735 [main] WARN  o.e.r.c.r.p.ProcessableProposalFactory - Unknown JDT proposal type 'class org.eclipse.jdt.internal.ui.text.javadoc.JavadocLinkTypeCompletionProposal' ('{@link ExecutionException} - java.util.concurrent'). Returning original proposal instead.
2015-06-08 14:09:42,736 [main] WARN  o.e.r.c.r.p.ProcessableProposalFactory - Unknown JDT proposal type 'class org.eclipse.jdt.internal.ui.text.javadoc.JavadocLinkTypeCompletionProposal' ('{@link ExemptionMechanism} - javax.crypto'). Returning original proposal instead.
2015-06-08 14:09:42,736 [main] WARN  o.e.r.c.r.p.ProcessableProposalFactory - Unknown JDT proposal type 'class org.eclipse.jdt.internal.ui.text.javadoc.JavadocLinkTypeCompletionProposal' ('{@link Executor} - java.util.concurrent'). Returning original proposal instead.
2015-06-08 14:09:48,620 [main] WARN  o.e.r.c.r.p.ProcessableProposalFactory - Unknown JDT proposal type 'class org.eclipse.jdt.internal.ui.text.javadoc.JavadocLinkTypeCompletionProposal' ('{@link Encoder} - java.util.Base64'). Returning original proposal instead.
2015-06-08 14:09:48,621 [main] WARN  o.e.r.c.r.p.ProcessableProposalFactory - Unknown JDT proposal type 'class org.eclipse.jdt.internal.ui.text.javadoc.JavadocLinkTypeCompletionProposal' ('{@link ElementIterator} - javax.swing.text'). Returning original proposal instead.
2015-06-08 14:09:48,621 [main] WARN  o.e.r.c.r.p.ProcessableProposalFactory - Unknown JDT proposal type 'class org.eclipse.jdt.internal.ui.text.javadoc.JavadocLinkTypeCompletionProposal' ('{@link EntityResolver2} - org.xml.sax.ext'). Returning original proposal instead.
2015-06-08 14:09:48,622 [main] WARN  o.e.r.c.r.p.ProcessableProposalFactory - Unknown JDT proposal type 'class org.eclipse.jdt.internal.ui.text.javadoc.JavadocLinkTypeCompletionProposal' ('{@link ExecutionException} - java.util.concurrent'). Returning original proposal instead.
2015-06-08 14:09:48,626 [main] WARN  o.e.r.c.r.p.ProcessableProposalFactory - Unknown JDT proposal type 'class org.eclipse.jdt.internal.ui.text.javadoc.JavadocLinkTypeCompletionProposal' ('{@link EndDocument} - javax.xml.stream.events'). Returning original proposal instead.
2015-06-08 14:09:48,627 [main] WARN  o.e.r.c.r.p.ProcessableProposalFactory - Unknown JDT proposal type 'class org.eclipse.jdt.internal.ui.text.javadoc.JavadocLinkTypeCompletionProposal' ('{@link ExtendedResponse} - javax.naming.ldap'). Returning original proposal instead.
2015-06-08 14:09:48,627 [main] WARN  o.e.r.c.r.p.ProcessableProposalFactory - Unknown JDT proposal type 'class org.eclipse.jdt.internal.ui.text.javadoc.JavadocLinkTypeCompletionProposal' ('{@link ExemptionMechanismSpi} - javax.crypto'). Returning original proposal instead.
2015-06-08 14:09:48,627 [main] WARN  o.e.r.c.r.p.ProcessableProposalFactory - Unknown JDT proposal type 'class org.eclipse.jdt.internal.ui.text.javadoc.JavadocLinkTypeCompletionProposal' ('{@link Enum} - java.lang'). Returning original proposal instead.
2015-06-08 14:09:48,627 [main] WARN  o.e.r.c.r.p.ProcessableProposalFactory - Unknown JDT proposal type 'class org.eclipse.jdt.internal.ui.text.javadoc.JavadocLinkTypeCompletionProposal' ('{@link ExtendedSSLSession} - javax.net.ssl'). Returning original proposal instead.
2015-06-08 14:09:48,628 [main] WARN  o.e.r.c.r.p.ProcessableProposalFactory - Unknown JDT proposal type 'class org.eclipse.jdt.internal.ui.text.javadoc.JavadocLinkTypeCompletionProposal' ('{@link Element} - javax.lang.model.element'). Returning original proposal instead.
2015-06-08 14:09:48,628 [main] WARN  o.e.r.c.r.p.ProcessableProposalFactory - Unknown JDT proposal type 'class org.eclipse.jdt.internal.ui.text.javadoc.JavadocLinkTypeCompletionProposal' ('{@link Externalizable} - java.io'). Returning original proposal instead.
2015-06-08 14:09:48,628 [main] WARN  o.e.r.c.r.p.ProcessableProposalFactory - Unknown JDT proposal type 'class org.eclipse.jdt.internal.ui.text.javadoc.JavadocLinkTypeCompletionProposal' ('{@link Engineering} - javax.print.attribute.standard.MediaSize'). Returning original proposal instead.
2015-06-08 14:09:48,628 [main] WARN  o.e.r.c.r.p.ProcessableProposalFactory - Unknown JDT proposal type 'class org.eclipse.jdt.internal.ui.text.javadoc.JavadocLinkTypeCompletionProposal' ('{@link ExcC14NParameterSpec} - javax.xml.crypto.dsig.spec'). Returning original proposal instead.
2015-06-08 14:09:48,629 [main] WARN  o.e.r.c.r.p.ProcessableProposalFactory - Unknown JDT proposal type 'class org.eclipse.jdt.internal.ui.text.javadoc.JavadocLinkTypeCompletionProposal' ('{@link EOFException} - java.io'). Returning original proposal instead.
2015-06-08 14:09:48,629 [main] WARN  o.e.r.c.r.p.ProcessableProposalFactory - Unknown JDT proposal type 'class org.eclipse.jdt.internal.ui.text.javadoc.JavadocLinkTypeCompletionProposal' ('{@link EntityReference} - javax.xml.stream.events'). Returning original proposal instead.
2015-06-08 14:09:48,629 [main] WARN  o.e.r.c.r.p.ProcessableProposalFactory - Unknown JDT proposal type 'class org.eclipse.jdt.internal.ui.text.javadoc.JavadocLinkTypeCompletionProposal' ('{@link EventListener} - java.util'). Returning original proposal instead.
2015-06-08 14:09:48,629 [main] WARN  o.e.r.c.r.p.ProcessableProposalFactory - Unknown JDT proposal type 'class org.eclipse.jdt.internal.ui.text.javadoc.JavadocLinkTypeCompletionProposal' ('{@link ExceptionListener} - java.beans'). Returning original proposal instead.
2015-06-08 14:09:48,630 [main] WARN  o.e.r.c.r.p.ProcessableProposalFactory - Unknown JDT proposal type 'class org.eclipse.jdt.internal.ui.text.javadoc.JavadocLinkTypeCompletionProposal' ('{@link ECField} - java.security.spec'). Returning original proposal instead.
2015-06-08 14:09:48,630 [main] WARN  o.e.r.c.r.p.ProcessableProposalFactory - Unknown JDT proposal type 'class org.eclipse.jdt.internal.ui.text.javadoc.JavadocLinkTypeCompletionProposal' ('{@link ECParameterSpec} - java.security.spec'). Returning original proposal instead.
2015-06-08 14:09:48,630 [main] WARN  o.e.r.c.r.p.ProcessableProposalFactory - Unknown JDT proposal type 'class org.eclipse.jdt.internal.ui.text.javadoc.JavadocLinkTypeCompletionProposal' ('{@link Error} - java.lang'). Returning original proposal instead.
2015-06-08 14:09:48,630 [main] WARN  o.e.r.c.r.p.ProcessableProposalFactory - Unknown JDT proposal type 'class org.eclipse.jdt.internal.ui.text.javadoc.JavadocLinkTypeCompletionProposal' ('{@link Elements} - javax.lang.model.util'). Returning original proposal instead.
2015-06-08 14:09:48,630 [main] WARN  o.e.r.c.r.p.ProcessableProposalFactory - Unknown JDT proposal type 'class org.eclipse.jdt.internal.ui.text.javadoc.JavadocLinkTypeCompletionProposal' ('{@link EndpointReference} - javax.xml.ws'). Returning original proposal instead.
2015-06-08 14:09:48,631 [main] WARN  o.e.r.c.r.p.ProcessableProposalFactory - Unknown JDT proposal type 'class org.eclipse.jdt.internal.ui.text.javadoc.JavadocLinkTypeCompletionProposal' ('{@link ExemptionMechanismException} - javax.crypto'). Returning original proposal instead.
2015-06-08 14:09:48,631 [main] WARN  o.e.r.c.r.p.ProcessableProposalFactory - Unknown JDT proposal type 'class org.eclipse.jdt.internal.ui.text.javadoc.JavadocLinkTypeCompletionProposal' ('{@link ExecutableType} - javax.lang.model.type'). Returning original proposal instead.
2015-06-08 14:09:48,631 [main] WARN  o.e.r.c.r.p.ProcessableProposalFactory - Unknown JDT proposal type 'class org.eclipse.jdt.internal.ui.text.javadoc.JavadocLinkTypeCompletionProposal' ('{@link EventReaderDelegate} - javax.xml.stream.util'). Returning original proposal instead.
2015-06-08 14:09:48,632 [main] WARN  o.e.r.c.r.p.ProcessableProposalFactory - Unknown JDT proposal type 'class org.eclipse.jdt.internal.ui.text.javadoc.JavadocLinkTypeCompletionProposal' ('{@link ElementKind} - javax.lang.model.element'). Returning original proposal instead.
2015-06-08 14:09:48,632 [main] WARN  o.e.r.c.r.p.ProcessableProposalFactory - Unknown JDT proposal type 'class org.eclipse.jdt.internal.ui.text.javadoc.JavadocLinkTypeCompletionProposal' ('{@link EmptyBorder} - javax.swing.border'). Returning original proposal instead.
2015-06-08 14:09:48,632 [main] WARN  o.e.r.c.r.p.ProcessableProposalFactory - Unknown JDT proposal type 'class org.eclipse.jdt.internal.ui.text.javadoc.JavadocLinkTypeCompletionProposal' ('{@link Element} - javax.swing.text.html.parser'). Returning original proposal instead.
2015-06-08 14:09:48,632 [main] WARN  o.e.r.c.r.p.ProcessableProposalFactory - Unknown JDT proposal type 'class org.eclipse.jdt.internal.ui.text.javadoc.JavadocLinkTypeCompletionProposal' ('{@link Entity} - javax.swing.text.html.parser'). Returning original proposal instead.
2015-06-08 14:09:48,633 [main] WARN  o.e.r.c.r.p.ProcessableProposalFactory - Unknown JDT proposal type 'class org.eclipse.jdt.internal.ui.text.javadoc.JavadocLinkTypeCompletionProposal' ('{@link EndpointContext} - javax.xml.ws'). Returning original proposal instead.
2015-06-08 14:09:48,633 [main] WARN  o.e.r.c.r.p.ProcessableProposalFactory - Unknown JDT proposal type 'class org.eclipse.jdt.internal.ui.text.javadoc.JavadocLinkTypeCompletionProposal' ('{@link ExecutorCompletionService} - java.util.concurrent'). Returning original proposal instead.
2015-06-08 14:09:48,633 [main] WARN  o.e.r.c.r.p.ProcessableProposalFactory - Unknown JDT proposal type 'class org.eclipse.jdt.internal.ui.text.javadoc.JavadocLinkTypeCompletionProposal' ('{@link Encoder} - java.beans'). Returning original proposal instead.
2015-06-08 14:09:48,633 [main] WARN  o.e.r.c.r.p.ProcessableProposalFactory - Unknown JDT proposal type 'class org.eclipse.jdt.internal.ui.text.javadoc.JavadocLinkTypeCompletionProposal' ('{@link EventQueue} - java.awt'). Returning original proposal instead.
2015-06-08 14:09:48,634 [main] WARN  o.e.r.c.r.p.ProcessableProposalFactory - Unknown JDT proposal type 'class org.eclipse.jdt.internal.ui.text.javadoc.JavadocLinkTypeCompletionProposal' ('{@link EmptyStackException} - java.util'). Returning original proposal instead.
2015-06-08 14:09:48,634 [main] WARN  o.e.r.c.r.p.ProcessableProposalFactory - Unknown JDT proposal type 'class org.eclipse.jdt.internal.ui.text.javadoc.JavadocLinkTypeCompletionProposal' ('{@link ElementEdit} - javax.swing.text.AbstractDocument'). Returning original proposal instead.
2015-06-08 14:09:48,634 [main] WARN  o.e.r.c.r.p.ProcessableProposalFactory - Unknown JDT proposal type 'class org.eclipse.jdt.internal.ui.text.javadoc.JavadocLinkTypeCompletionProposal' ('{@link ElementFilter} - javax.lang.model.util'). Returning original proposal instead.
2015-06-08 14:09:48,634 [main] WARN  o.e.r.c.r.p.ProcessableProposalFactory - Unknown JDT proposal type 'class org.eclipse.jdt.internal.ui.text.javadoc.JavadocLinkTypeCompletionProposal' ('{@link ExceptionDetailMessage} - org.omg.IOP'). Returning original proposal instead.
2015-06-08 14:09:48,634 [main] WARN  o.e.r.c.r.p.ProcessableProposalFactory - Unknown JDT proposal type 'class org.eclipse.jdt.internal.ui.text.javadoc.JavadocLinkTypeCompletionProposal' ('{@link EndElement} - javax.xml.stream.events'). Returning original proposal instead.
2015-06-08 14:09:48,635 [main] WARN  o.e.r.c.r.p.ProcessableProposalFactory - Unknown JDT proposal type 'class org.eclipse.jdt.internal.ui.text.javadoc.JavadocLinkTypeCompletionProposal' ('{@link ElementVisitor} - javax.lang.model.element'). Returning original proposal instead.
2015-06-08 14:09:48,635 [main] WARN  o.e.r.c.r.p.ProcessableProposalFactory - Unknown JDT proposal type 'class org.eclipse.jdt.internal.ui.text.javadoc.JavadocLinkTypeCompletionProposal' ('{@link EncryptedPrivateKeyInfo} - javax.crypto'). Returning original proposal instead.
2015-06-08 14:09:48,635 [main] WARN  o.e.r.c.r.p.ProcessableProposalFactory - Unknown JDT proposal type 'class org.eclipse.jdt.internal.ui.text.javadoc.JavadocLinkTypeCompletionProposal' ('{@link ExecutorService} - java.util.concurrent'). Returning original proposal instead.
2015-06-08 14:09:48,635 [main] WARN  o.e.r.c.r.p.ProcessableProposalFactory - Unknown JDT proposal type 'class org.eclipse.jdt.internal.ui.text.javadoc.JavadocLinkTypeCompletionProposal' ('{@link EmptyBorderUIResource} - javax.swing.plaf.BorderUIResource'). Returning original proposal instead.
2015-06-08 14:09:48,635 [main] WARN  o.e.r.c.r.p.ProcessableProposalFactory - Unknown JDT proposal type 'class org.eclipse.jdt.internal.ui.text.javadoc.JavadocLinkTypeCompletionProposal' ('{@link ExpandVetoException} - javax.swing.tree'). Returning original proposal instead.
2015-06-08 14:09:48,636 [main] WARN  o.e.r.c.r.p.ProcessableProposalFactory - Unknown JDT proposal type 'class org.eclipse.jdt.internal.ui.text.javadoc.JavadocLinkTypeCompletionProposal' ('{@link ExemptionMechanism} - javax.crypto'). Returning original proposal instead.
2015-06-08 14:09:48,636 [main] WARN  o.e.r.c.r.p.ProcessableProposalFactory - Unknown JDT proposal type 'class org.eclipse.jdt.internal.ui.text.javadoc.JavadocLinkTypeCompletionProposal' ('{@link ECFieldF2m} - java.security.spec'). Returning original proposal instead.
2015-06-08 14:09:48,636 [main] WARN  o.e.r.c.r.p.ProcessableProposalFactory - Unknown JDT proposal type 'class org.eclipse.jdt.internal.ui.text.javadoc.JavadocLinkTypeCompletionProposal' ('{@link EntityDeclaration} - javax.xml.stream.events'). Returning original proposal instead.
2015-06-08 14:09:48,637 [main] WARN  o.e.r.c.r.p.ProcessableProposalFactory - Unknown JDT proposal type 'class org.eclipse.jdt.internal.ui.text.javadoc.JavadocLinkTypeCompletionProposal' ('{@link EventListenerList} - javax.swing.event'). Returning original proposal instead.
2015-06-08 14:09:48,637 [main] WARN  o.e.r.c.r.p.ProcessableProposalFactory - Unknown JDT proposal type 'class org.eclipse.jdt.internal.ui.text.javadoc.JavadocLinkTypeCompletionProposal' ('{@link ElementScanner8} - javax.lang.model.util'). Returning original proposal instead.
2015-06-08 14:09:48,638 [main] WARN  o.e.r.c.r.p.ProcessableProposalFactory - Unknown JDT proposal type 'class org.eclipse.jdt.internal.ui.text.javadoc.JavadocLinkTypeCompletionProposal' ('{@link EntityResolver} - org.xml.sax'). Returning original proposal instead.
2015-06-08 14:09:48,638 [main] WARN  o.e.r.c.r.p.ProcessableProposalFactory - Unknown JDT proposal type 'class org.eclipse.jdt.internal.ui.text.javadoc.JavadocLinkTypeCompletionProposal' ('{@link ExecutableElement} - javax.lang.model.element'). Returning original proposal instead.
2015-06-08 14:09:48,638 [main] WARN  o.e.r.c.r.p.ProcessableProposalFactory - Unknown JDT proposal type 'class org.eclipse.jdt.internal.ui.text.javadoc.JavadocLinkTypeCompletionProposal' ('{@link Element} - javax.xml.bind'). Returning original proposal instead.
2015-06-08 14:09:48,639 [main] WARN  o.e.r.c.r.p.ProcessableProposalFactory - Unknown JDT proposal type 'class org.eclipse.jdt.internal.ui.text.javadoc.JavadocLinkTypeCompletionProposal' ('{@link EditorContainer} - javax.swing.tree.DefaultTreeCellEditor'). Returning original proposal instead.
2015-06-08 14:09:48,639 [main] WARN  o.e.r.c.r.p.ProcessableProposalFactory - Unknown JDT proposal type 'class org.eclipse.jdt.internal.ui.text.javadoc.JavadocLinkTypeCompletionProposal' ('{@link ErrorHandler} - org.xml.sax'). Returning original proposal instead.
2015-06-08 14:09:48,639 [main] WARN  o.e.r.c.r.p.ProcessableProposalFactory - Unknown JDT proposal type 'class org.eclipse.jdt.internal.ui.text.javadoc.JavadocLinkTypeCompletionProposal' ('{@link ErrorType} - javax.lang.model.type'). Returning original proposal instead.
2015-06-08 14:09:48,639 [main] WARN  o.e.r.c.r.p.ProcessableProposalFactory - Unknown JDT proposal type 'class org.eclipse.jdt.internal.ui.text.javadoc.JavadocLinkTypeCompletionProposal' ('{@link EntityReference} - org.w3c.dom'). Returning original proposal instead.
2015-06-08 14:09:48,640 [main] WARN  o.e.r.c.r.p.ProcessableProposalFactory - Unknown JDT proposal type 'class org.eclipse.jdt.internal.ui.text.javadoc.JavadocLinkTypeCompletionProposal' ('{@link EventType} - javax.swing.event.HyperlinkEvent'). Returning original proposal instead.
2015-06-08 14:09:48,640 [main] WARN  o.e.r.c.r.p.ProcessableProposalFactory - Unknown JDT proposal type 'class org.eclipse.jdt.internal.ui.text.javadoc.JavadocLinkTypeCompletionProposal' ('{@link EventListener} - org.w3c.dom.events'). Returning original proposal instead.
2015-06-08 14:09:48,640 [main] WARN  o.e.r.c.r.p.ProcessableProposalFactory - Unknown JDT proposal type 'class org.eclipse.jdt.internal.ui.text.javadoc.JavadocLinkTypeCompletionProposal' ('{@link ElementBuffer} - javax.swing.text.DefaultStyledDocument'). Returning original proposal instead.
2015-06-08 14:09:48,641 [main] WARN  o.e.r.c.r.p.ProcessableProposalFactory - Unknown JDT proposal type 'class org.eclipse.jdt.internal.ui.text.javadoc.JavadocLinkTypeCompletionProposal' ('{@link EnumMap} - java.util'). Returning original proposal instead.
2015-06-08 14:09:48,641 [main] WARN  o.e.r.c.r.p.ProcessableProposalFactory - Unknown JDT proposal type 'class org.eclipse.jdt.internal.ui.text.javadoc.JavadocLinkTypeCompletionProposal' ('{@link ElementKindVisitor6} - javax.lang.model.util'). Returning original proposal instead.
2015-06-08 14:09:48,641 [main] WARN  o.e.r.c.r.p.ProcessableProposalFactory - Unknown JDT proposal type 'class org.eclipse.jdt.internal.ui.text.javadoc.JavadocLinkTypeCompletionProposal' ('{@link Exchanger} - java.util.concurrent'). Returning original proposal instead.
2015-06-08 14:09:48,642 [main] WARN  o.e.r.c.r.p.ProcessableProposalFactory - Unknown JDT proposal type 'class org.eclipse.jdt.internal.ui.text.javadoc.JavadocLinkTypeCompletionProposal' ('{@link Entry} - javax.swing.RowFilter'). Returning original proposal instead.
2015-06-08 14:09:48,642 [main] WARN  o.e.r.c.r.p.ProcessableProposalFactory - Unknown JDT proposal type 'class org.eclipse.jdt.internal.ui.text.javadoc.JavadocLinkTypeCompletionProposal' ('{@link ElementChange} - javax.swing.event.DocumentEvent'). Returning original proposal instead.
2015-06-08 14:09:48,642 [main] WARN  o.e.r.c.r.p.ProcessableProposalFactory - Unknown JDT proposal type 'class org.eclipse.jdt.internal.ui.text.javadoc.JavadocLinkTypeCompletionProposal' ('{@link Element} - org.w3c.dom'). Returning original proposal instead.
2015-06-08 14:09:48,643 [main] WARN  o.e.r.c.r.p.ProcessableProposalFactory - Unknown JDT proposal type 'class org.eclipse.jdt.internal.ui.text.javadoc.JavadocLinkTypeCompletionProposal' ('{@link ECPrivateKeySpec} - java.security.spec'). Returning original proposal instead.
2015-06-08 14:09:48,643 [main] WARN  o.e.r.c.r.p.ProcessableProposalFactory - Unknown JDT proposal type 'class org.eclipse.jdt.internal.ui.text.javadoc.JavadocLinkTypeCompletionProposal' ('{@link Element} - javax.swing.text'). Returning original proposal instead.
2015-06-08 14:09:48,643 [main] WARN  o.e.r.c.r.p.ProcessableProposalFactory - Unknown JDT proposal type 'class org.eclipse.jdt.internal.ui.text.javadoc.JavadocLinkTypeCompletionProposal' ('{@link ExtendedRequest} - javax.naming.ldap'). Returning original proposal instead.
2015-06-08 14:09:48,644 [main] WARN  o.e.r.c.r.p.ProcessableProposalFactory - Unknown JDT proposal type 'class org.eclipse.jdt.internal.ui.text.javadoc.JavadocLinkTypeCompletionProposal' ('{@link Enumeration} - java.util'). Returning original proposal instead.
2015-06-08 14:09:48,644 [main] WARN  o.e.r.c.r.p.ProcessableProposalFactory - Unknown JDT proposal type 'class org.eclipse.jdt.internal.ui.text.javadoc.JavadocLinkTypeCompletionProposal' ('{@link EventSetDescriptor} - java.beans'). Returning original proposal instead.
2015-06-08 14:09:48,644 [main] WARN  o.e.r.c.r.p.ProcessableProposalFactory - Unknown JDT proposal type 'class org.eclipse.jdt.internal.ui.text.javadoc.JavadocLinkTypeCompletionProposal' ('{@link EventFilter} - javax.xml.stream'). Returning original proposal instead.
2015-06-08 14:09:48,645 [main] WARN  o.e.r.c.r.p.ProcessableProposalFactory - Unknown JDT proposal type 'class org.eclipse.jdt.internal.ui.text.javadoc.JavadocLinkTypeCompletionProposal' ('{@link EllipticCurve} - java.security.spec'). Returning original proposal instead.
2015-06-08 14:09:48,645 [main] WARN  o.e.r.c.r.p.ProcessableProposalFactory - Unknown JDT proposal type 'class org.eclipse.jdt.internal.ui.text.javadoc.JavadocLinkTypeCompletionProposal' ('{@link Executor} - java.util.concurrent'). Returning original proposal instead.
2015-06-08 14:09:48,645 [main] WARN  o.e.r.c.r.p.ProcessableProposalFactory - Unknown JDT proposal type 'class org.eclipse.jdt.internal.ui.text.javadoc.JavadocLinkTypeCompletionProposal' ('{@link EventTarget} - org.w3c.dom.events'). Returning original proposal instead.
2015-06-08 14:09:48,645 [main] WARN  o.e.r.c.r.p.ProcessableProposalFactory - Unknown JDT proposal type 'class org.eclipse.jdt.internal.ui.text.javadoc.JavadocLinkTypeCompletionProposal' ('{@link ElementKindVisitor7} - javax.lang.model.util'). Returning original proposal instead.
2015-06-08 14:09:48,646 [main] WARN  o.e.r.c.r.p.ProcessableProposalFactory - Unknown JDT proposal type 'class org.eclipse.jdt.internal.ui.text.javadoc.JavadocLinkTypeCompletionProposal' ('{@link ExportException} - java.rmi.server'). Returning original proposal instead.
2015-06-08 14:09:48,646 [main] WARN  o.e.r.c.r.p.ProcessableProposalFactory - Unknown JDT proposal type 'class org.eclipse.jdt.internal.ui.text.javadoc.JavadocLinkTypeCompletionProposal' ('{@link EventDirContext} - javax.naming.event'). Returning original proposal instead.
2015-06-08 14:09:48,646 [main] WARN  o.e.r.c.r.p.ProcessableProposalFactory - Unknown JDT proposal type 'class org.eclipse.jdt.internal.ui.text.javadoc.JavadocLinkTypeCompletionProposal' ('{@link Executable} - java.lang.reflect'). Returning original proposal instead.
2015-06-08 14:09:48,646 [main] WARN  o.e.r.c.r.p.ProcessableProposalFactory - Unknown JDT proposal type 'class org.eclipse.jdt.internal.ui.text.javadoc.JavadocLinkTypeCompletionProposal' ('{@link EventObject} - java.util'). Returning original proposal instead.
2015-06-08 14:09:48,647 [main] WARN  o.e.r.c.r.p.ProcessableProposalFactory - Unknown JDT proposal type 'class org.eclipse.jdt.internal.ui.text.javadoc.JavadocLinkTypeCompletionProposal' ('{@link Executors} - java.util.concurrent'). Returning original proposal instead.
2015-06-08 14:09:48,647 [main] WARN  o.e.r.c.r.p.ProcessableProposalFactory - Unknown JDT proposal type 'class org.eclipse.jdt.internal.ui.text.javadoc.JavadocLinkTypeCompletionProposal' ('{@link Event} - org.w3c.dom.events'). Returning original proposal instead.
2015-06-08 14:09:48,647 [main] WARN  o.e.r.c.r.p.ProcessableProposalFactory - Unknown JDT proposal type 'class org.eclipse.jdt.internal.ui.text.javadoc.JavadocLinkTypeCompletionProposal' ('{@link ECPoint} - java.security.spec'). Returning original proposal instead.
2015-06-08 14:09:48,647 [main] WARN  o.e.r.c.r.p.ProcessableProposalFactory - Unknown JDT proposal type 'class org.eclipse.jdt.internal.ui.text.javadoc.JavadocLinkTypeCompletionProposal' ('{@link EventException} - org.w3c.dom.events'). Returning original proposal instead.
2015-06-08 14:09:48,648 [main] WARN  o.e.r.c.r.p.ProcessableProposalFactory - Unknown JDT proposal type 'class org.eclipse.jdt.internal.ui.text.javadoc.JavadocLinkTypeCompletionProposal' ('{@link ElementSpec} - javax.swing.text.DefaultStyledDocument'). Returning original proposal instead.
2015-06-08 14:09:48,648 [main] WARN  o.e.r.c.r.p.ProcessableProposalFactory - Unknown JDT proposal type 'class org.eclipse.jdt.internal.ui.text.javadoc.JavadocLinkTypeCompletionProposal' ('{@link EtchedBorder} - javax.swing.border'). Returning original proposal instead.
2015-06-08 14:09:48,648 [main] WARN  o.e.r.c.r.p.ProcessableProposalFactory - Unknown JDT proposal type 'class org.eclipse.jdt.internal.ui.text.javadoc.JavadocLinkTypeCompletionProposal' ('{@link ElementType} - java.lang.annotation'). Returning original proposal instead.
2015-06-08 14:09:48,649 [main] WARN  o.e.r.c.r.p.ProcessableProposalFactory - Unknown JDT proposal type 'class org.eclipse.jdt.internal.ui.text.javadoc.JavadocLinkTypeCompletionProposal' ('{@link Entry} - java.util.Map'). Returning original proposal instead.
2015-06-08 14:09:48,649 [main] WARN  o.e.r.c.r.p.ProcessableProposalFactory - Unknown JDT proposal type 'class org.eclipse.jdt.internal.ui.text.javadoc.JavadocLinkTypeCompletionProposal' ('{@link Expression} - java.beans'). Returning original proposal instead.
2015-06-08 14:09:48,650 [main] WARN  o.e.r.c.r.p.ProcessableProposalFactory - Unknown JDT proposal type 'class org.eclipse.jdt.internal.ui.text.javadoc.JavadocLinkTypeCompletionProposal' ('{@link Event} - java.awt'). Returning original proposal instead.
2015-06-08 14:09:48,650 [main] WARN  o.e.r.c.r.p.ProcessableProposalFactory - Unknown JDT proposal type 'class org.eclipse.jdt.internal.ui.text.javadoc.JavadocLinkTypeCompletionProposal' ('{@link ECKey} - java.security.interfaces'). Returning original proposal instead.
2015-06-08 14:09:48,651 [main] WARN  o.e.r.c.r.p.ProcessableProposalFactory - Unknown JDT proposal type 'class org.eclipse.jdt.internal.ui.text.javadoc.JavadocLinkTypeCompletionProposal' ('{@link Era} - java.time.chrono'). Returning original proposal instead.
2015-06-08 14:09:48,651 [main] WARN  o.e.r.c.r.p.ProcessableProposalFactory - Unknown JDT proposal type 'class org.eclipse.jdt.internal.ui.text.javadoc.JavadocLinkTypeCompletionProposal' ('{@link ECPrivateKey} - java.security.interfaces'). Returning original proposal instead.
2015-06-08 14:09:48,651 [main] WARN  o.e.r.c.r.p.ProcessableProposalFactory - Unknown JDT proposal type 'class org.eclipse.jdt.internal.ui.text.javadoc.JavadocLinkTypeCompletionProposal' ('{@link ElementKindVisitor8} - javax.lang.model.util'). Returning original proposal instead.
2015-06-08 14:09:48,652 [main] WARN  o.e.r.c.r.p.ProcessableProposalFactory - Unknown JDT proposal type 'class org.eclipse.jdt.internal.ui.text.javadoc.JavadocLinkTypeCompletionProposal' ('{@link EventType} - javax.swing.event.DocumentEvent'). Returning original proposal instead.
2015-06-08 14:09:48,652 [main] WARN  o.e.r.c.r.p.ProcessableProposalFactory - Unknown JDT proposal type 'class org.eclipse.jdt.internal.ui.text.javadoc.JavadocLinkTypeCompletionProposal' ('{@link Extension} - java.security.cert'). Returning original proposal instead.
2015-06-08 14:09:48,652 [main] WARN  o.e.r.c.r.p.ProcessableProposalFactory - Unknown JDT proposal type 'class org.eclipse.jdt.internal.ui.text.javadoc.JavadocLinkTypeCompletionProposal' ('{@link Entry} - java.security.KeyStore'). Returning original proposal instead.
2015-06-08 14:09:48,653 [main] WARN  o.e.r.c.r.p.ProcessableProposalFactory - Unknown JDT proposal type 'class org.eclipse.jdt.internal.ui.text.javadoc.JavadocLinkTypeCompletionProposal' ('{@link EtchedBorderUIResource} - javax.swing.plaf.BorderUIResource'). Returning original proposal instead.
2015-06-08 14:09:48,653 [main] WARN  o.e.r.c.r.p.ProcessableProposalFactory - Unknown JDT proposal type 'class org.eclipse.jdt.internal.ui.text.javadoc.JavadocLinkTypeCompletionProposal' ('{@link ErrorListener} - javax.xml.transform'). Returning original proposal instead.
2015-06-08 14:09:48,653 [main] WARN  o.e.r.c.r.p.ProcessableProposalFactory - Unknown JDT proposal type 'class org.eclipse.jdt.internal.ui.text.javadoc.JavadocLinkTypeCompletionProposal' ('{@link ECPublicKey} - java.security.interfaces'). Returning original proposal instead.
2015-06-08 14:09:48,654 [main] WARN  o.e.r.c.r.p.ProcessableProposalFactory - Unknown JDT proposal type 'class org.eclipse.jdt.internal.ui.text.javadoc.JavadocLinkTypeCompletionProposal' ('{@link ErrorManager} - java.util.logging'). Returning original proposal instead.
2015-06-08 14:09:48,654 [main] WARN  o.e.r.c.r.p.ProcessableProposalFactory - Unknown JDT proposal type 'class org.eclipse.jdt.internal.ui.text.javadoc.JavadocLinkTypeCompletionProposal' ('{@link ElementCSSInlineStyle} - org.w3c.dom.css'). Returning original proposal instead.
2015-06-08 14:09:48,654 [main] WARN  o.e.r.c.r.p.ProcessableProposalFactory - Unknown JDT proposal type 'class org.eclipse.jdt.internal.ui.text.javadoc.JavadocLinkTypeCompletionProposal' ('{@link EncodedKeySpec} - java.security.spec'). Returning original proposal instead.
2015-06-08 14:09:48,654 [main] WARN  o.e.r.c.r.p.ProcessableProposalFactory - Unknown JDT proposal type 'class org.eclipse.jdt.internal.ui.text.javadoc.JavadocLinkTypeCompletionProposal' ('{@link EnumSet} - java.util'). Returning original proposal instead.
2015-06-08 14:09:48,655 [main] WARN  o.e.r.c.r.p.ProcessableProposalFactory - Unknown JDT proposal type 'class org.eclipse.jdt.internal.ui.text.javadoc.JavadocLinkTypeCompletionProposal' ('{@link EventHandler} - java.beans'). Returning original proposal instead.
2015-06-08 14:09:48,655 [main] WARN  o.e.r.c.r.p.ProcessableProposalFactory - Unknown JDT proposal type 'class org.eclipse.jdt.internal.ui.text.javadoc.JavadocLinkTypeCompletionProposal' ('{@link EnumSyntax} - javax.print.attribute'). Returning original proposal instead.
2015-06-08 14:09:48,656 [main] WARN  o.e.r.c.r.p.ProcessableProposalFactory - Unknown JDT proposal type 'class org.eclipse.jdt.internal.ui.text.javadoc.JavadocLinkTypeCompletionProposal' ('{@link Environment} - org.omg.CORBA'). Returning original proposal instead.
2015-06-08 14:09:48,656 [main] WARN  o.e.r.c.r.p.ProcessableProposalFactory - Unknown JDT proposal type 'class org.eclipse.jdt.internal.ui.text.javadoc.JavadocLinkTypeCompletionProposal' ('{@link EventContext} - javax.naming.event'). Returning original proposal instead.
2015-06-08 14:09:48,656 [main] WARN  o.e.r.c.r.p.ProcessableProposalFactory - Unknown JDT proposal type 'class org.eclipse.jdt.internal.ui.text.javadoc.JavadocLinkTypeCompletionProposal' ('{@link Entity} - org.w3c.dom'). Returning original proposal instead.
2015-06-08 14:09:48,656 [main] WARN  o.e.r.c.r.p.ProcessableProposalFactory - Unknown JDT proposal type 'class org.eclipse.jdt.internal.ui.text.javadoc.JavadocLinkTypeCompletionProposal' ('{@link ExceptionList} - org.omg.CORBA'). Returning original proposal instead.
2015-06-08 14:09:48,657 [main] WARN  o.e.r.c.r.p.ProcessableProposalFactory - Unknown JDT proposal type 'class org.eclipse.jdt.internal.ui.text.javadoc.JavadocLinkTypeCompletionProposal' ('{@link ExceptionInInitializerError} - java.lang'). Returning original proposal instead.
2015-06-08 14:09:48,657 [main] WARN  o.e.r.c.r.p.ProcessableProposalFactory - Unknown JDT proposal type 'class org.eclipse.jdt.internal.ui.text.javadoc.JavadocLinkTypeCompletionProposal' ('{@link ENCODING_CDR_ENCAPS} - org.omg.IOP'). Returning original proposal instead.
2015-06-08 14:09:48,657 [main] WARN  o.e.r.c.r.p.ProcessableProposalFactory - Unknown JDT proposal type 'class org.eclipse.jdt.internal.ui.text.javadoc.JavadocLinkTypeCompletionProposal' ('{@link EnumControl} - javax.sound.sampled'). Returning original proposal instead.
2015-06-08 14:09:48,658 [main] WARN  o.e.r.c.r.p.ProcessableProposalFactory - Unknown JDT proposal type 'class org.eclipse.jdt.internal.ui.text.javadoc.JavadocLinkTypeCompletionProposal' ('{@link ElementScanner6} - javax.lang.model.util'). Returning original proposal instead.
2015-06-08 14:09:48,658 [main] WARN  o.e.r.c.r.p.ProcessableProposalFactory - Unknown JDT proposal type 'class org.eclipse.jdt.internal.ui.text.javadoc.JavadocLinkTypeCompletionProposal' ('{@link EditorKit} - javax.swing.text'). Returning original proposal instead.
2015-06-08 14:09:48,658 [main] WARN  o.e.r.c.r.p.ProcessableProposalFactory - Unknown JDT proposal type 'class org.eclipse.jdt.internal.ui.text.javadoc.JavadocLinkTypeCompletionProposal' ('{@link EventListenerProxy} - java.util'). Returning original proposal instead.
2015-06-08 14:09:48,659 [main] WARN  o.e.r.c.r.p.ProcessableProposalFactory - Unknown JDT proposal type 'class org.eclipse.jdt.internal.ui.text.javadoc.JavadocLinkTypeCompletionProposal' ('{@link EnumConstantNotPresentException} - java.lang'). Returning original proposal instead.
2015-06-08 14:09:48,659 [main] WARN  o.e.r.c.r.p.ProcessableProposalFactory - Unknown JDT proposal type 'class org.eclipse.jdt.internal.ui.text.javadoc.JavadocLinkTypeCompletionProposal' ('{@link Exception} - java.lang'). Returning original proposal instead.
2015-06-08 14:09:48,660 [main] WARN  o.e.r.c.r.p.ProcessableProposalFactory - Unknown JDT proposal type 'class org.eclipse.jdt.internal.ui.text.javadoc.JavadocLinkTypeCompletionProposal' ('{@link Ellipse2D} - java.awt.geom'). Returning original proposal instead.
2015-06-08 14:09:48,660 [main] WARN  o.e.r.c.r.p.ProcessableProposalFactory - Unknown JDT proposal type 'class org.eclipse.jdt.internal.ui.text.javadoc.JavadocLinkTypeCompletionProposal' ('{@link Encoding} - org.omg.IOP'). Returning original proposal instead.
2015-06-08 14:09:48,660 [main] WARN  o.e.r.c.r.p.ProcessableProposalFactory - Unknown JDT proposal type 'class org.eclipse.jdt.internal.ui.text.javadoc.JavadocLinkTypeCompletionProposal' ('{@link ECGenParameterSpec} - java.security.spec'). Returning original proposal instead.
2015-06-08 14:09:48,660 [main] WARN  o.e.r.c.r.p.ProcessableProposalFactory - Unknown JDT proposal type 'class org.eclipse.jdt.internal.ui.text.javadoc.JavadocLinkTypeCompletionProposal' ('{@link Encoding} - javax.sound.sampled.AudioFormat'). Returning original proposal instead.
2015-06-08 14:09:48,661 [main] WARN  o.e.r.c.r.p.ProcessableProposalFactory - Unknown JDT proposal type 'class org.eclipse.jdt.internal.ui.text.javadoc.JavadocLinkTypeCompletionProposal' ('{@link ElementScanner7} - javax.lang.model.util'). Returning original proposal instead.
2015-06-08 14:09:48,661 [main] WARN  o.e.r.c.r.p.ProcessableProposalFactory - Unknown JDT proposal type 'class org.eclipse.jdt.internal.ui.text.javadoc.JavadocLinkTypeCompletionProposal' ('{@link ECPublicKeySpec} - java.security.spec'). Returning original proposal instead.
2015-06-08 14:09:48,661 [main] WARN  o.e.r.c.r.p.ProcessableProposalFactory - Unknown JDT proposal type 'class org.eclipse.jdt.internal.ui.text.javadoc.JavadocLinkTypeCompletionProposal' ('{@link Endpoint} - javax.xml.ws'). Returning original proposal instead.
2015-06-08 14:09:48,662 [main] WARN  o.e.r.c.r.p.ProcessableProposalFactory - Unknown JDT proposal type 'class org.eclipse.jdt.internal.ui.text.javadoc.JavadocLinkTypeCompletionProposal' ('{@link ECFieldFp} - java.security.spec'). Returning original proposal instead.
2015-06-08 14:09:50,590 [main] WARN  o.e.r.c.r.p.ProcessableProposalFactory - Unknown JDT proposal type 'class org.eclipse.jdt.internal.ui.text.javadoc.JavadocInlineTagCompletionProposal' ('{@linkplain}'). Returning original proposal instead.
2015-06-08 14:09:50,590 [main] WARN  o.e.r.c.r.p.ProcessableProposalFactory - Unknown JDT proposal type 'class org.eclipse.jdt.internal.ui.text.java.LazyJavaCompletionProposal' ('@param'). Returning original proposal instead.
2015-06-08 14:09:50,590 [main] WARN  o.e.r.c.r.p.ProcessableProposalFactory - Unknown JDT proposal type 'class org.eclipse.jdt.internal.ui.text.java.LazyJavaCompletionProposal' ('@see'). Returning original proposal instead.
2015-06-08 14:09:50,591 [main] WARN  o.e.r.c.r.p.ProcessableProposalFactory - Unknown JDT proposal type 'class org.eclipse.jdt.internal.ui.text.javadoc.JavadocInlineTagCompletionProposal' ('{@link}'). Returning original proposal instead.
2015-06-08 14:09:50,591 [main] WARN  o.e.r.c.r.p.ProcessableProposalFactory - Unknown JDT proposal type 'class org.eclipse.jdt.internal.ui.text.javadoc.JavadocInlineTagCompletionProposal' ('{@literal}'). Returning original proposal instead.
2015-06-08 14:09:50,591 [main] WARN  o.e.r.c.r.p.ProcessableProposalFactory - Unknown JDT proposal type 'class org.eclipse.jdt.internal.ui.text.java.LazyJavaCompletionProposal' ('@exception'). Returning original proposal instead.
2015-06-08 14:09:50,591 [main] WARN  o.e.r.c.r.p.ProcessableProposalFactory - Unknown JDT proposal type 'class org.eclipse.jdt.internal.ui.text.java.LazyJavaCompletionProposal' ('@return'). Returning original proposal instead.
2015-06-08 14:09:50,592 [main] WARN  o.e.r.c.r.p.ProcessableProposalFactory - Unknown JDT proposal type 'class org.eclipse.jdt.internal.ui.text.java.LazyJavaCompletionProposal' ('@deprecated'). Returning original proposal instead.
2015-06-08 14:09:50,592 [main] WARN  o.e.r.c.r.p.ProcessableProposalFactory - Unknown JDT proposal type 'class org.eclipse.jdt.internal.ui.text.java.LazyJavaCompletionProposal' ('@category'). Returning original proposal instead.
2015-06-08 14:09:50,592 [main] WARN  o.e.r.c.r.p.ProcessableProposalFactory - Unknown JDT proposal type 'class org.eclipse.jdt.internal.ui.text.javadoc.JavadocInlineTagCompletionProposal' ('{@inheritDoc}'). Returning original proposal instead.
2015-06-08 14:09:50,592 [main] WARN  o.e.r.c.r.p.ProcessableProposalFactory - Unknown JDT proposal type 'class org.eclipse.jdt.internal.ui.text.java.LazyJavaCompletionProposal' ('@serialData'). Returning original proposal instead.
2015-06-08 14:09:50,593 [main] WARN  o.e.r.c.r.p.ProcessableProposalFactory - Unknown JDT proposal type 'class org.eclipse.jdt.internal.ui.text.java.LazyJavaCompletionProposal' ('@since'). Returning original proposal instead.
2015-06-08 14:09:50,593 [main] WARN  o.e.r.c.r.p.ProcessableProposalFactory - Unknown JDT proposal type 'class org.eclipse.jdt.internal.ui.text.java.LazyJavaCompletionProposal' ('@throws'). Returning original proposal instead.
2015-06-08 14:09:50,593 [main] WARN  o.e.r.c.r.p.ProcessableProposalFactory - Unknown JDT proposal type 'class org.eclipse.jdt.internal.ui.text.javadoc.JavadocInlineTagCompletionProposal' ('{@code}'). Returning original proposal instead.
2015-06-08 14:09:50,593 [main] WARN  o.e.r.c.r.p.ProcessableProposalFactory - Unknown JDT proposal type 'class org.eclipse.jdt.internal.ui.text.javadoc.JavadocInlineTagCompletionProposal' ('{@docRoot}'). Returning original proposal instead.
2015-06-08 14:09:50,593 [main] WARN  o.e.r.c.r.p.ProcessableProposalFactory - Unknown JDT proposal type 'class org.eclipse.jdt.internal.ui.text.javadoc.JavadocInlineTagCompletionProposal' ('{@value}'). Returning original proposal instead.
